<?xml version="1.0" encoding="UTF-8"?>
<!-- Generated by org.testng.reporters.JUnitReportReporter -->
<testsuite skipped="0" hostname="MyPC" name="get.api.test.TestPostAPI" tests="1" failures="0" timestamp="05 Jun 2019 12:52:48 GMT" time="3.782" errors="0">
  <testcase name="callPostAPI" time="3.782" classname="get.api.test.TestPostAPI"/>
</testsuite> <!-- get.api.test.TestPostAPI -->
