<?xml version="1.0" encoding="UTF-8"?>
<!-- Generated by org.testng.reporters.JUnitReportReporter -->
<testsuite skipped="0" hostname="MyPC" name="get.api.test.TestGetAPI" tests="3" failures="0" timestamp="05 Jun 2019 10:10:10 GMT" time="6.580" errors="0">
  <testcase name="getUser" time="1.151" classname="get.api.test.TestGetAPI"/>
  <testcase name="getUsers" time="1.256" classname="get.api.test.TestGetAPI"/>
  <testcase name="getUnknownUser" time="4.173" classname="get.api.test.TestGetAPI"/>
</testsuite> <!-- get.api.test.TestGetAPI -->
